<?xml version="1.0" encoding="UTF-8"?>
<robot generator="Robot 5.0 (Python 3.7.3 on win32)" generated="20220513 12:13:54.552" rpa="false" schemaversion="3">
<suite id="s1" name="Teardown" source="C:\Users\Edward\PycharmProjects\training\teardown.robot">
<test id="s1-t1" name="eBay search - Porsche" line="9">
<kw name="Open Browser" library="SeleniumLibrary" type="SETUP">
<arg>https://www.ebay.com</arg>
<arg>chrome</arg>
<doc>Opens a new browser instance to the given ``url``.</doc>
<msg timestamp="20220513 12:13:54.898" level="INFO">Opening browser 'chrome' to base url 'https://www.ebay.com'.</msg>
<status status="PASS" starttime="20220513 12:13:54.898" endtime="20220513 12:13:58.574"/>
</kw>
<kw name="Search for Term">
<arg>Porsche</arg>
<kw name="Input Text" library="SeleniumLibrary">
<arg>xpath://input[@placeholder="Search for anything"]</arg>
<arg>${search}</arg>
<doc>Types the given ``text`` into text field identified by ``locator``.</doc>
<msg timestamp="20220513 12:13:58.577" level="INFO">Typing text 'Porsche' into text field 'xpath://input[@placeholder="Search for anything"]'.</msg>
<status status="PASS" starttime="20220513 12:13:58.576" endtime="20220513 12:13:58.685"/>
</kw>
<kw name="Click Button" library="SeleniumLibrary">
<arg>xpath://input[@value="Search"]</arg>
<doc>Clicks button identified by ``locator``.</doc>
<msg timestamp="20220513 12:13:58.686" level="INFO">Clicking button 'xpath://input[@value="Search"]'.</msg>
<status status="PASS" starttime="20220513 12:13:58.685" endtime="20220513 12:14:00.315"/>
</kw>
<kw name="Wait Until Element Is Visible" library="SeleniumLibrary">
<arg>xpath://input[@placeholder="Search for anything"]</arg>
<arg>timeout=5s</arg>
<doc>Waits until element ``locator`` is visible.</doc>
<status status="PASS" starttime="20220513 12:14:00.315" endtime="20220513 12:14:00.400"/>
</kw>
<kw name="Element Should Contain" library="SeleniumLibrary">
<arg>xpath://html</arg>
<arg>${search}</arg>
<doc>Verifies that element ``locator`` contains text ``expected``.</doc>
<msg timestamp="20220513 12:14:01.373" level="INFO">Element 'xpath://html' contains text 'Porsche'.</msg>
<status status="PASS" starttime="20220513 12:14:00.401" endtime="20220513 12:14:01.373"/>
</kw>
<status status="PASS" starttime="20220513 12:13:58.575" endtime="20220513 12:14:01.374"/>
</kw>
<kw name="Close Browser" library="SeleniumLibrary" type="TEARDOWN">
<doc>Closes the current browser.</doc>
<status status="PASS" starttime="20220513 12:14:01.374" endtime="20220513 12:14:03.667"/>
</kw>
<doc>Search for term "Porsche" and check search result</doc>
<status status="PASS" starttime="20220513 12:13:54.896" endtime="20220513 12:14:03.667"/>
</test>
<test id="s1-t2" name="eBay search - Mustang" line="14">
<kw name="Open Browser" library="SeleniumLibrary" type="SETUP">
<arg>https://www.ebay.com</arg>
<arg>chrome</arg>
<doc>Opens a new browser instance to the given ``url``.</doc>
<msg timestamp="20220513 12:14:03.675" level="INFO">Opening browser 'chrome' to base url 'https://www.ebay.com'.</msg>
<status status="PASS" starttime="20220513 12:14:03.674" endtime="20220513 12:14:06.761"/>
</kw>
<kw name="Search for Term">
<arg>Mustang</arg>
<kw name="Input Text" library="SeleniumLibrary">
<arg>xpath://input[@placeholder="Search for anything"]</arg>
<arg>${search}</arg>
<doc>Types the given ``text`` into text field identified by ``locator``.</doc>
<msg timestamp="20220513 12:14:06.763" level="INFO">Typing text 'Mustang' into text field 'xpath://input[@placeholder="Search for anything"]'.</msg>
<status status="PASS" starttime="20220513 12:14:06.762" endtime="20220513 12:14:06.892"/>
</kw>
<kw name="Click Button" library="SeleniumLibrary">
<arg>xpath://input[@value="Search"]</arg>
<doc>Clicks button identified by ``locator``.</doc>
<msg timestamp="20220513 12:14:06.892" level="INFO">Clicking button 'xpath://input[@value="Search"]'.</msg>
<status status="PASS" starttime="20220513 12:14:06.892" endtime="20220513 12:14:08.648"/>
</kw>
<kw name="Wait Until Element Is Visible" library="SeleniumLibrary">
<arg>xpath://input[@placeholder="Search for anything"]</arg>
<arg>timeout=5s</arg>
<doc>Waits until element ``locator`` is visible.</doc>
<status status="PASS" starttime="20220513 12:14:08.648" endtime="20220513 12:14:08.800"/>
</kw>
<kw name="Element Should Contain" library="SeleniumLibrary">
<arg>xpath://html</arg>
<arg>${search}</arg>
<doc>Verifies that element ``locator`` contains text ``expected``.</doc>
<msg timestamp="20220513 12:14:10.050" level="INFO">Element 'xpath://html' contains text 'Mustang'.</msg>
<status status="PASS" starttime="20220513 12:14:08.800" endtime="20220513 12:14:10.050"/>
</kw>
<status status="PASS" starttime="20220513 12:14:06.762" endtime="20220513 12:14:10.051"/>
</kw>
<kw name="Close Browser" library="SeleniumLibrary" type="TEARDOWN">
<doc>Closes the current browser.</doc>
<status status="PASS" starttime="20220513 12:14:10.051" endtime="20220513 12:14:12.424"/>
</kw>
<doc>Search for term "Porsche" and check search result</doc>
<status status="PASS" starttime="20220513 12:14:03.672" endtime="20220513 12:14:12.425"/>
</test>
<test id="s1-t3" name="eBay search - BMW" line="19">
<kw name="Open Browser" library="SeleniumLibrary" type="SETUP">
<arg>https://www.ebay.com</arg>
<arg>chrome</arg>
<doc>Opens a new browser instance to the given ``url``.</doc>
<msg timestamp="20220513 12:14:12.428" level="INFO">Opening browser 'chrome' to base url 'https://www.ebay.com'.</msg>
<status status="PASS" starttime="20220513 12:14:12.427" endtime="20220513 12:14:15.632"/>
</kw>
<kw name="Search for Term">
<arg>BMW</arg>
<kw name="Input Text" library="SeleniumLibrary">
<arg>xpath://input[@placeholder="Search for anything"]</arg>
<arg>${search}</arg>
<doc>Types the given ``text`` into text field identified by ``locator``.</doc>
<msg timestamp="20220513 12:14:15.634" level="INFO">Typing text 'BMW' into text field 'xpath://input[@placeholder="Search for anything"]'.</msg>
<status status="PASS" starttime="20220513 12:14:15.634" endtime="20220513 12:14:15.858"/>
</kw>
<kw name="Click Button" library="SeleniumLibrary">
<arg>xpath://input[@value="Search"]</arg>
<doc>Clicks button identified by ``locator``.</doc>
<msg timestamp="20220513 12:14:15.859" level="INFO">Clicking button 'xpath://input[@value="Search"]'.</msg>
<status status="PASS" starttime="20220513 12:14:15.859" endtime="20220513 12:14:18.389"/>
</kw>
<kw name="Wait Until Element Is Visible" library="SeleniumLibrary">
<arg>xpath://input[@placeholder="Search for anything"]</arg>
<arg>timeout=5s</arg>
<doc>Waits until element ``locator`` is visible.</doc>
<status status="PASS" starttime="20220513 12:14:18.389" endtime="20220513 12:14:18.503"/>
</kw>
<kw name="Element Should Contain" library="SeleniumLibrary">
<arg>xpath://html</arg>
<arg>${search}</arg>
<doc>Verifies that element ``locator`` contains text ``expected``.</doc>
<msg timestamp="20220513 12:14:19.741" level="INFO">Element 'xpath://html' contains text 'BMW'.</msg>
<status status="PASS" starttime="20220513 12:14:18.503" endtime="20220513 12:14:19.741"/>
</kw>
<status status="PASS" starttime="20220513 12:14:15.633" endtime="20220513 12:14:19.741"/>
</kw>
<kw name="Close Browser" library="SeleniumLibrary" type="TEARDOWN">
<doc>Closes the current browser.</doc>
<status status="PASS" starttime="20220513 12:14:19.742" endtime="20220513 12:14:22.107"/>
</kw>
<doc>Search for term "Porsche" and check search result</doc>
<status status="PASS" starttime="20220513 12:14:12.426" endtime="20220513 12:14:22.108"/>
</test>
<doc>Automated tests of eBay search</doc>
<status status="PASS" starttime="20220513 12:13:54.554" endtime="20220513 12:14:22.110"/>
</suite>
<statistics>
<total>
<stat pass="3" fail="0" skip="0">All Tests</stat>
</total>
<tag>
</tag>
<suite>
<stat pass="3" fail="0" skip="0" id="s1" name="Teardown">Teardown</stat>
</suite>
</statistics>
<errors>
</errors>
</robot>
