<?xml version="1.0" encoding="UTF-8"?>
<robot generator="Robot 5.0 (Python 3.7.3 on win32)" generated="20220602 13:17:11.888" rpa="false" schemaversion="3">
<suite id="s1" name="Demo2" source="C:\Users\Edward\PycharmProjects\training\Tests\demo2.robot">
<test id="s1-t1" name="Add Products in Cart" line="15">
<kw name="Prepare browser" library="common" type="SETUP">
<kw name="Open Browser" library="SeleniumLibrary">
<arg>${URL}</arg>
<arg>${BROWSER}</arg>
<doc>Opens a new browser instance to the given ``url``.</doc>
<msg timestamp="20220602 13:17:12.152" level="INFO">Opening browser 'chrome' to base url 'https://automationexercise.com'.</msg>
<status status="PASS" starttime="20220602 13:17:12.151" endtime="20220602 13:17:18.098"/>
</kw>
<kw name="Maximize Browser Window" library="SeleniumLibrary">
<doc>Maximizes current browser window.</doc>
<status status="PASS" starttime="20220602 13:17:18.098" endtime="20220602 13:17:18.229"/>
</kw>
<status status="PASS" starttime="20220602 13:17:12.151" endtime="20220602 13:17:18.229"/>
</kw>
<kw name="Navigating" library="navigate">
<arg>${URL2}</arg>
<arg>${BUTTON_PRODUCTS}</arg>
<kw name="Wait Until Element Is Visible" library="SeleniumLibrary">
<arg>${home_element}</arg>
<arg>timeout=10s</arg>
<doc>Waits until element ``locator`` is visible.</doc>
<status status="PASS" starttime="20220602 13:17:18.232" endtime="20220602 13:17:18.273"/>
</kw>
<kw name="Click Link" library="SeleniumLibrary">
<arg>${BUTTON_PRODUCTS}</arg>
<doc>Clicks a link identified by ``locator``.</doc>
<msg timestamp="20220602 13:17:18.274" level="INFO">Clicking link 'xpath://a[@href='/products']'.</msg>
<status status="PASS" starttime="20220602 13:17:18.273" endtime="20220602 13:17:21.609"/>
</kw>
<status status="PASS" starttime="20220602 13:17:18.231" endtime="20220602 13:17:21.609"/>
</kw>
<kw name="Go To" library="SeleniumLibrary">
<arg>${URL2}</arg>
<doc>Navigates the active browser instance to the provided ``url``.</doc>
<msg timestamp="20220602 13:17:21.610" level="INFO">Opening url 'https://automationexercise.com/products'</msg>
<status status="PASS" starttime="20220602 13:17:21.610" endtime="20220602 13:17:23.994"/>
</kw>
<kw name="Add Product" library="cart">
<arg>${add_to_cart_button}</arg>
<kw name="Mouse Over" library="SeleniumLibrary">
<arg>${add_to_cart_button}</arg>
<doc>Simulates hovering mouse over the element ``locator``.</doc>
<msg timestamp="20220602 13:17:23.996" level="INFO">Simulating Mouse Over on element 'xpath://div[contains(@class,"product-overlay")]//a[@data-product-id="1"]'.</msg>
<status status="PASS" starttime="20220602 13:17:23.996" endtime="20220602 13:17:24.306"/>
</kw>
<kw name="Sleep" library="BuiltIn">
<arg>5s</arg>
<doc>Pauses the test executed for the given time.</doc>
<msg timestamp="20220602 13:17:29.317" level="INFO">Slept 5 seconds</msg>
<status status="PASS" starttime="20220602 13:17:24.306" endtime="20220602 13:17:29.317"/>
</kw>
<kw name="Click Element" library="SeleniumLibrary">
<arg>${overlay_button}</arg>
<doc>Click element identified by ``locator``.</doc>
<msg timestamp="20220602 13:17:29.317" level="INFO">Clicking element 'xpath://div[contains(@class,"productinfo")]//a[@data-product-id="1"]'.</msg>
<status status="PASS" starttime="20220602 13:17:29.317" endtime="20220602 13:17:29.398"/>
</kw>
<kw name="Sleep" library="BuiltIn">
<arg>5s</arg>
<doc>Pauses the test executed for the given time.</doc>
<msg timestamp="20220602 13:17:34.404" level="INFO">Slept 5 seconds</msg>
<status status="PASS" starttime="20220602 13:17:29.399" endtime="20220602 13:17:34.405"/>
</kw>
<kw name="Click Button" library="SeleniumLibrary">
<arg>${continue_button}</arg>
<doc>Clicks button identified by ``locator``.</doc>
<msg timestamp="20220602 13:17:34.405" level="INFO">Clicking button 'xpath://button[contains(@class, "btn-success")]'.</msg>
<status status="PASS" starttime="20220602 13:17:34.405" endtime="20220602 13:17:34.466"/>
</kw>
<kw name="Mouse Over" library="SeleniumLibrary">
<arg>${second_product_button}</arg>
<doc>Simulates hovering mouse over the element ``locator``.</doc>
<msg timestamp="20220602 13:17:34.466" level="INFO">Simulating Mouse Over on element 'xpath://div[contains(@class,"product-overlay")]//a[@data-product-id="2"]'.</msg>
<status status="PASS" starttime="20220602 13:17:34.466" endtime="20220602 13:17:34.764"/>
</kw>
<kw name="Sleep" library="BuiltIn">
<arg>5s</arg>
<doc>Pauses the test executed for the given time.</doc>
<msg timestamp="20220602 13:17:39.781" level="INFO">Slept 5 seconds</msg>
<status status="PASS" starttime="20220602 13:17:34.765" endtime="20220602 13:17:39.781"/>
</kw>
<kw name="Click Element" library="SeleniumLibrary">
<arg>${overlay_second}</arg>
<doc>Click element identified by ``locator``.</doc>
<msg timestamp="20220602 13:17:39.781" level="INFO">Clicking element 'xpath://div[contains(@class,"productinfo")]//a[@data-product-id="2"]'.</msg>
<status status="PASS" starttime="20220602 13:17:39.781" endtime="20220602 13:17:39.833"/>
</kw>
<kw name="Sleep" library="BuiltIn">
<arg>5s</arg>
<doc>Pauses the test executed for the given time.</doc>
<msg timestamp="20220602 13:17:44.841" level="INFO">Slept 5 seconds</msg>
<status status="PASS" starttime="20220602 13:17:39.833" endtime="20220602 13:17:44.841"/>
</kw>
<kw name="Click Link" library="SeleniumLibrary">
<arg>${view_cart_button}</arg>
<doc>Clicks a link identified by ``locator``.</doc>
<msg timestamp="20220602 13:17:44.843" level="INFO">Clicking link 'xpath://div[contains(@class,"modal-body")]//a[@href="/view_cart"]'.</msg>
<status status="PASS" starttime="20220602 13:17:44.842" endtime="20220602 13:17:46.560"/>
</kw>
<kw name="Sleep" library="BuiltIn">
<arg>5s</arg>
<doc>Pauses the test executed for the given time.</doc>
<msg timestamp="20220602 13:17:51.561" level="INFO">Slept 5 seconds</msg>
<status status="PASS" starttime="20220602 13:17:46.561" endtime="20220602 13:17:51.562"/>
</kw>
<status status="PASS" starttime="20220602 13:17:23.995" endtime="20220602 13:17:51.562"/>
</kw>
<kw name="Close All Browsers" library="SeleniumLibrary" type="TEARDOWN">
<doc>Closes all open browsers and resets the browser cache.</doc>
<status status="PASS" starttime="20220602 13:17:51.565" endtime="20220602 13:17:53.927"/>
</kw>
<tag>smoke</tag>
<status status="PASS" starttime="20220602 13:17:12.150" endtime="20220602 13:17:53.928"/>
</test>
<test id="s1-t2" name="Logging" line="21">
<kw name="Prepare browser" library="common" type="SETUP">
<kw name="Open Browser" library="SeleniumLibrary">
<arg>${URL}</arg>
<arg>${BROWSER}</arg>
<doc>Opens a new browser instance to the given ``url``.</doc>
<msg timestamp="20220602 13:17:53.939" level="INFO">Opening browser 'chrome' to base url 'https://automationexercise.com'.</msg>
<status status="PASS" starttime="20220602 13:17:53.938" endtime="20220602 13:17:59.337"/>
</kw>
<kw name="Maximize Browser Window" library="SeleniumLibrary">
<doc>Maximizes current browser window.</doc>
<status status="PASS" starttime="20220602 13:17:59.337" endtime="20220602 13:17:59.459"/>
</kw>
<status status="PASS" starttime="20220602 13:17:53.936" endtime="20220602 13:17:59.459"/>
</kw>
<kw name="Log" library="BuiltIn">
<arg>miss you</arg>
<arg>WARN</arg>
<arg>True</arg>
<arg>True</arg>
<arg>Deprecated</arg>
<arg>str</arg>
<doc>Logs the given message with the given level.</doc>
<msg timestamp="20220602 13:17:59.460" level="WARN">The 'repr' argument of 'BuiltIn.Log' is deprecated. Use 'formatter=repr' instead.</msg>
<msg timestamp="20220602 13:17:59.461" level="WARN" html="true">'miss you'</msg>
<status status="PASS" starttime="20220602 13:17:59.460" endtime="20220602 13:17:59.462"/>
</kw>
<kw name="Close All Browsers" library="SeleniumLibrary" type="TEARDOWN">
<doc>Closes all open browsers and resets the browser cache.</doc>
<status status="PASS" starttime="20220602 13:17:59.462" endtime="20220602 13:18:01.725"/>
</kw>
<status status="PASS" starttime="20220602 13:17:53.934" endtime="20220602 13:18:01.726"/>
</test>
<status status="PASS" starttime="20220602 13:17:11.890" endtime="20220602 13:18:01.728"/>
</suite>
<statistics>
<total>
<stat pass="2" fail="0" skip="0">All Tests</stat>
</total>
<tag>
<stat pass="1" fail="0" skip="0">smoke</stat>
</tag>
<suite>
<stat pass="2" fail="0" skip="0" id="s1" name="Demo2">Demo2</stat>
</suite>
</statistics>
<errors>
<msg timestamp="20220602 13:17:59.460" level="WARN">The 'repr' argument of 'BuiltIn.Log' is deprecated. Use 'formatter=repr' instead.</msg>
<msg timestamp="20220602 13:17:59.461" level="WARN" html="true">'miss you'</msg>
</errors>
</robot>
